<?xml version="1.0" encoding="UTF-8"?>
<testsuite name="fr.hoenheimsports.domain.models.FormerTeammateTest" tests="28" skipped="0" failures="0" errors="0" timestamp="2025-09-23T18:10:04.699Z" hostname="PC-SALON" time="0.154">
  <properties/>
  <testcase name="testWithContactStatusReturnsNewInstanceWithChangedStatus()" classname="fr.hoenheimsports.domain.models.FormerTeammateTest" time="0.02"/>
  <testcase name="testConstructorValidatesRequiredFields()" classname="fr.hoenheimsports.domain.models.FormerTeammateTest" time="0.002"/>
  <testcase name="testConstructorSetsDefaultRolesIfNull()" classname="fr.hoenheimsports.domain.models.FormerTeammateTest" time="0.001"/>
  <testcase name="[1] SUBMITTED to PENDING, SUBMITTED, PENDING" classname="fr.hoenheimsports.domain.models.FormerTeammateTest" time="0.015"/>
  <testcase name="[2] PENDING to VALIDATED, PENDING, VALIDATED" classname="fr.hoenheimsports.domain.models.FormerTeammateTest" time="0.001"/>
  <testcase name="[3] PENDING to UNREACHABLE, PENDING, UNREACHABLE" classname="fr.hoenheimsports.domain.models.FormerTeammateTest" time="0.001"/>
  <testcase name="[4] VALIDATED to NOT_REQUESTED, VALIDATED, NOT_REQUESTED" classname="fr.hoenheimsports.domain.models.FormerTeammateTest" time="0.001"/>
  <testcase name="[5] NOT_REQUESTED to SUBMITTED, NOT_REQUESTED, SUBMITTED" classname="fr.hoenheimsports.domain.models.FormerTeammateTest" time="0.001"/>
  <testcase name="[6] Same status transition, PENDING, PENDING" classname="fr.hoenheimsports.domain.models.FormerTeammateTest" time="0.0"/>
  <testcase name="[1] Null phone Optional, null, Optional.empty, Optional.empty, phone" classname="fr.hoenheimsports.domain.models.FormerTeammateTest" time="0.005"/>
  <testcase name="[2] Null email Optional, Optional.empty, null, Optional.empty, email" classname="fr.hoenheimsports.domain.models.FormerTeammateTest" time="0.001"/>
  <testcase name="[3] Null birthDate Optional, Optional.empty, Optional.empty, null, birthDate" classname="fr.hoenheimsports.domain.models.FormerTeammateTest" time="0.001"/>
  <testcase name="[1] Required fields only, 9254435d-711c-4505-a140-26eebf2a8626, John, Doe, MALE, null, null, null, null, PENDING" classname="fr.hoenheimsports.domain.models.FormerTeammateTest" time="0.006"/>
  <testcase name="[2] With all optional fields, c9430ed4-0f21-4c56-aca1-90f15630257e, Jane, Smith, FEMALE, +33123456789, jane.smith@example.com, 1990-01-01, [ASSISTANT], PENDING" classname="fr.hoenheimsports.domain.models.FormerTeammateTest" time="0.015"/>
  <testcase name="[3] Mixed optional fields, 76df844d-c786-49fd-9cf7-e23c1472a0d7, Bob, Wilson, MALE, +33987654321, null, 1985-05-15, [PLAYER, COACH], VALIDATED" classname="fr.hoenheimsports.domain.models.FormerTeammateTest" time="0.0"/>
  <testcase name="testWithContactStatusThrowsExceptionForNullStatus()" classname="fr.hoenheimsports.domain.models.FormerTeammateTest" time="0.001"/>
  <testcase name="[1] Missing ID, null, John, Doe, MALE, PENDING, id" classname="fr.hoenheimsports.domain.models.FormerTeammateTest" time="0.007"/>
  <testcase name="[2] Missing firstName, 6a509056-48c2-468a-8e71-3fdaf586d0b3, null, Doe, MALE, PENDING, firstName" classname="fr.hoenheimsports.domain.models.FormerTeammateTest" time="0.001"/>
  <testcase name="[3] Empty firstName, 6a509056-48c2-468a-8e71-3fdaf586d0b3,    , Doe, MALE, PENDING, firstName" classname="fr.hoenheimsports.domain.models.FormerTeammateTest" time="0.001"/>
  <testcase name="[4] Missing lastName, 6a509056-48c2-468a-8e71-3fdaf586d0b3, John, null, MALE, PENDING, lastName" classname="fr.hoenheimsports.domain.models.FormerTeammateTest" time="0.0"/>
  <testcase name="[5] Missing gender, 6a509056-48c2-468a-8e71-3fdaf586d0b3, John, Doe, null, PENDING, gender" classname="fr.hoenheimsports.domain.models.FormerTeammateTest" time="0.001"/>
  <testcase name="[6] Missing status, 6a509056-48c2-468a-8e71-3fdaf586d0b3, John, Doe, MALE, null, status" classname="fr.hoenheimsports.domain.models.FormerTeammateTest" time="0.001"/>
  <testcase name="[1] Null ID, null, John, Doe, MALE, PENDING, id" classname="fr.hoenheimsports.domain.models.FormerTeammateTest" time="0.002"/>
  <testcase name="[2] Null firstName, 054e91eb-1933-4190-a7e2-4e519e9ceb84, null, Doe, MALE, PENDING, firstName" classname="fr.hoenheimsports.domain.models.FormerTeammateTest" time="0.0"/>
  <testcase name="[3] Null lastName, 054e91eb-1933-4190-a7e2-4e519e9ceb84, John, null, MALE, PENDING, lastName" classname="fr.hoenheimsports.domain.models.FormerTeammateTest" time="0.001"/>
  <testcase name="[4] Null gender, 054e91eb-1933-4190-a7e2-4e519e9ceb84, John, Doe, null, PENDING, gender" classname="fr.hoenheimsports.domain.models.FormerTeammateTest" time="0.001"/>
  <testcase name="[5] Null status, 054e91eb-1933-4190-a7e2-4e519e9ceb84, John, Doe, MALE, null, status" classname="fr.hoenheimsports.domain.models.FormerTeammateTest" time="0.0"/>
  <testcase name="testBuilderRolesDefaultsToEmptyList()" classname="fr.hoenheimsports.domain.models.FormerTeammateTest" time="0.0"/>
  <system-out><![CDATA[]]></system-out>
  <system-err><![CDATA[]]></system-err>
</testsuite>
